<?xml version="1.0" encoding="UTF-8"?>
<!-- Generated by org.testng.reporters.JUnitReportReporter -->
<testsuite hostname="ONagirna" name="com.qagroup.apidemos.test.ApiDemosNavigationTest" tests="1" failures="0" timestamp="31 May 2017 14:15:12 GMT" time="19.572" errors="0">
  <testcase name="test" time="19.572" classname="com.qagroup.apidemos.test.ApiDemosNavigationTest"/>
</testsuite> <!-- com.qagroup.apidemos.test.ApiDemosNavigationTest -->
