<?xml version="1.0" encoding="UTF-8"?>
<!-- Generated by org.testng.reporters.JUnitReportReporter -->
<testsuite hostname="ONagirna" name="com.qagroup.apidemos.test.TextEntryDialogTest" tests="1" failures="0" timestamp="31 May 2017 16:30:37 GMT" time="18.028" errors="0">
  <testcase name="fillOutFieldsOnTextEntryDialog" time="18.028" classname="com.qagroup.apidemos.test.TextEntryDialogTest"/>
</testsuite> <!-- com.qagroup.apidemos.test.TextEntryDialogTest -->
